<?xml version="1.0" encoding="utf-8"?><testsuites name="pytest tests"><testsuite name="pytest" errors="0" failures="0" skipped="0" tests="10" time="79.720" timestamp="2026-02-25T16:31:57.148307-04:00" hostname="zbookg6"><testcase classname="test.test_import_window_collection_rules" name="test_import_window_requires_selection_when_multiple_collections" time="0.123" /><testcase classname="test.test_import_window_collection_rules" name="test_import_window_allows_scan_when_single_collection" time="0.055" /><testcase classname="test.test_import_window_collection_rules" name="test_duplicate_check_is_collection_scoped" time="0.002" /><testcase classname="test.test_import_window_collection_rules" name="test_scan_progress_updates_status_message_for_alt_slash" time="0.825" /><testcase classname="test.test_import_window_collection_rules" name="test_close_prompt_uses_valid_count_message" time="0.066" /><testcase classname="test.test_import_window_collection_rules" name="test_close_prompt_hides_valid_count_when_zero" time="0.100" /><testcase classname="test.test_import_window_collection_rules" name="test_mixed_dataset_routes_to_expected_outcomes" time="78.087" /><testcase classname="test.test_import_window_collection_rules" name="test_progress_window_keyboard_only_interaction" time="0.210" /><testcase classname="test.test_import_window_collection_rules" name="test_progress_window_alt_slash_announces_with_accessibility_active" time="0.035" /><testcase classname="test.test_import_window_collection_rules" name="test_progress_window_mark_complete_announces_summary" time="0.029" /></testsuite></testsuites>