============================= test session starts =============================
platform win32 -- Python 3.12.10, pytest-9.0.2, pluggy-1.6.0 -- C:\Users\cfran\ABcS\abcs\.venv\Scripts\python.exe
cachedir: .pytest_cache
PySide6 6.10.2 -- Qt runtime 6.10.2 -- Qt compiled 6.10.2
rootdir: C:\Users\cfran\ABcS\abcs
plugins: qt-4.5.0
collecting ... collected 10 items

test/test_import_window_collection_rules.py::test_import_window_requires_selection_when_multiple_collections PASSED
test/test_import_window_collection_rules.py::test_import_window_allows_scan_when_single_collection PASSED
test/test_import_window_collection_rules.py::test_duplicate_check_is_collection_scoped PASSED
test/test_import_window_collection_rules.py::test_scan_progress_updates_status_message_for_alt_slash PASSED
test/test_import_window_collection_rules.py::test_close_prompt_uses_valid_count_message PASSED
test/test_import_window_collection_rules.py::test_close_prompt_hides_valid_count_when_zero PASSED
test/test_import_window_collection_rules.py::test_mixed_dataset_routes_to_expected_outcomes PASSED
test/test_import_window_collection_rules.py::test_progress_window_keyboard_only_interaction PASSED
test/test_import_window_collection_rules.py::test_progress_window_alt_slash_announces_with_accessibility_active PASSED
test/test_import_window_collection_rules.py::test_progress_window_mark_complete_announces_summary PASSED

======================= 10 passed in 912.07s (0:15:12) ========================
